<?xml version="1.0" encoding="UTF-8"?>
<coverage generated="1582347355514" clover="3.2.0">
  <project timestamp="1582347355514" name="All files">
    <metrics statements="32" coveredstatements="32" conditionals="12" coveredconditionals="11" methods="12" coveredmethods="12" elements="56" coveredelements="55" complexity="0" loc="32" ncloc="32" packages="5" files="9" classes="9"/>
    <package name="src">
      <metrics statements="1" coveredstatements="1" conditionals="2" coveredconditionals="1" methods="0" coveredmethods="0"/>
      <file name="store.js" path="/Users/joelpatrickdurham/coding-projects/portfolio-site/src/store.js">
        <metrics statements="1" coveredstatements="1" conditionals="2" coveredconditionals="1" methods="0" coveredmethods="0"/>
        <line num="1" count="2" type="stmt"/>
      </file>
    </package>
    <package name="src.actions">
      <metrics statements="12" coveredstatements="12" conditionals="0" coveredconditionals="0" methods="6" coveredmethods="6"/>
      <file name="actions.js" path="/Users/joelpatrickdurham/coding-projects/portfolio-site/src/actions/actions.js">
        <metrics statements="8" coveredstatements="8" conditionals="0" coveredconditionals="0" methods="4" coveredmethods="4"/>
        <line num="1" count="4" type="stmt"/>
        <line num="2" count="4" type="stmt"/>
        <line num="3" count="4" type="stmt"/>
        <line num="4" count="4" type="stmt"/>
        <line num="6" count="4" type="stmt"/>
        <line num="7" count="4" type="stmt"/>
        <line num="8" count="4" type="stmt"/>
        <line num="9" count="4" type="stmt"/>
      </file>
      <file name="controlActions.js" path="/Users/joelpatrickdurham/coding-projects/portfolio-site/src/actions/controlActions.js">
        <metrics statements="4" coveredstatements="4" conditionals="0" coveredconditionals="0" methods="2" coveredmethods="2"/>
        <line num="1" count="4" type="stmt"/>
        <line num="2" count="4" type="stmt"/>
        <line num="4" count="4" type="stmt"/>
        <line num="5" count="4" type="stmt"/>
      </file>
    </package>
    <package name="src.components">
      <metrics statements="3" coveredstatements="3" conditionals="0" coveredconditionals="0" methods="2" coveredmethods="2"/>
      <file name="App.js" path="/Users/joelpatrickdurham/coding-projects/portfolio-site/src/components/App.js">
        <metrics statements="1" coveredstatements="1" conditionals="0" coveredconditionals="0" methods="1" coveredmethods="1"/>
        <line num="5" count="1" type="stmt"/>
      </file>
      <file name="JoelGame.js" path="/Users/joelpatrickdurham/coding-projects/portfolio-site/src/components/JoelGame.js">
        <metrics statements="2" coveredstatements="2" conditionals="0" coveredconditionals="0" methods="1" coveredmethods="1"/>
        <line num="3" count="2" type="stmt"/>
        <line num="5" count="1" type="stmt"/>
      </file>
    </package>
    <package name="src.reducers">
      <metrics statements="14" coveredstatements="14" conditionals="10" coveredconditionals="10" methods="2" coveredmethods="2"/>
      <file name="controlsReducer.js" path="/Users/joelpatrickdurham/coding-projects/portfolio-site/src/reducers/controlsReducer.js">
        <metrics statements="6" coveredstatements="6" conditionals="4" coveredconditionals="4" methods="1" coveredmethods="1"/>
        <line num="3" count="3" type="stmt"/>
        <line num="7" count="3" type="cond" truecount="1" falsecount="0"/>
        <line num="8" count="9" type="cond" truecount="3" falsecount="0"/>
        <line num="10" count="1" type="stmt"/>
        <line num="12" count="1" type="stmt"/>
        <line num="14" count="7" type="stmt"/>
      </file>
      <file name="index.js" path="/Users/joelpatrickdurham/coding-projects/portfolio-site/src/reducers/index.js">
        <metrics statements="0" coveredstatements="0" conditionals="0" coveredconditionals="0" methods="0" coveredmethods="0"/>
      </file>
      <file name="statsReducer.js" path="/Users/joelpatrickdurham/coding-projects/portfolio-site/src/reducers/statsReducer.js">
        <metrics statements="8" coveredstatements="8" conditionals="6" coveredconditionals="6" methods="1" coveredmethods="1"/>
        <line num="3" count="3" type="stmt"/>
        <line num="10" count="3" type="cond" truecount="1" falsecount="0"/>
        <line num="11" count="11" type="cond" truecount="5" falsecount="0"/>
        <line num="13" count="1" type="stmt"/>
        <line num="15" count="1" type="stmt"/>
        <line num="17" count="1" type="stmt"/>
        <line num="19" count="1" type="stmt"/>
        <line num="21" count="7" type="stmt"/>
      </file>
    </package>
    <package name="src.selectors">
      <metrics statements="2" coveredstatements="2" conditionals="0" coveredconditionals="0" methods="2" coveredmethods="2"/>
      <file name="selectors.js" path="/Users/joelpatrickdurham/coding-projects/portfolio-site/src/selectors/selectors.js">
        <metrics statements="2" coveredstatements="2" conditionals="0" coveredconditionals="0" methods="2" coveredmethods="2"/>
        <line num="1" count="1" type="stmt"/>
        <line num="2" count="1" type="stmt"/>
      </file>
    </package>
  </project>
</coverage>
