{"/Users/joelpatrickdurham/coding-projects/portfolio-site/src/actions/actions.js": {"path":"/Users/joelpatrickdurham/coding-projects/portfolio-site/src/actions/actions.js","statementMap":{"0":{"start":{"line":1,"column":28},"end":{"line":1,"column":42}},"1":{"start":{"line":2,"column":25},"end":{"line":2,"column":36}},"2":{"start":{"line":3,"column":25},"end":{"line":3,"column":36}},"3":{"start":{"line":4,"column":25},"end":{"line":4,"column":36}},"4":{"start":{"line":6,"column":27},"end":{"line":6,"column":57}},"5":{"start":{"line":6,"column":34},"end":{"line":6,"column":56}},"6":{"start":{"line":7,"column":24},"end":{"line":7,"column":51}},"7":{"start":{"line":7,"column":31},"end":{"line":7,"column":50}},"8":{"start":{"line":8,"column":24},"end":{"line":8,"column":51}},"9":{"start":{"line":8,"column":31},"end":{"line":8,"column":50}},"10":{"start":{"line":9,"column":24},"end":{"line":9,"column":51}},"11":{"start":{"line":9,"column":31},"end":{"line":9,"column":50}}},"fnMap":{"0":{"name":"(anonymous_0)","decl":{"start":{"line":6,"column":27},"end":{"line":6,"column":28}},"loc":{"start":{"line":6,"column":34},"end":{"line":6,"column":56}},"line":6},"1":{"name":"(anonymous_1)","decl":{"start":{"line":7,"column":24},"end":{"line":7,"column":25}},"loc":{"start":{"line":7,"column":31},"end":{"line":7,"column":50}},"line":7},"2":{"name":"(anonymous_2)","decl":{"start":{"line":8,"column":24},"end":{"line":8,"column":25}},"loc":{"start":{"line":8,"column":31},"end":{"line":8,"column":50}},"line":8},"3":{"name":"(anonymous_3)","decl":{"start":{"line":9,"column":24},"end":{"line":9,"column":25}},"loc":{"start":{"line":9,"column":31},"end":{"line":9,"column":50}},"line":9}},"branchMap":{},"s":{"0":2,"1":2,"2":2,"3":2,"4":2,"5":2,"6":2,"7":2,"8":2,"9":2,"10":2,"11":2},"f":{"0":2,"1":2,"2":2,"3":2},"b":{},"_coverageSchema":"1a1c01bbd47fc00a2c39e90264f33305004495a9","hash":"155e0ba296f5d134d9bf75c8f877ed428c47dc52"}
,"/Users/joelpatrickdurham/coding-projects/portfolio-site/src/actions/controlActions.js": {"path":"/Users/joelpatrickdurham/coding-projects/portfolio-site/src/actions/controlActions.js","statementMap":{"0":{"start":{"line":1,"column":32},"end":{"line":1,"column":50}},"1":{"start":{"line":2,"column":31},"end":{"line":2,"column":48}},"2":{"start":{"line":4,"column":31},"end":{"line":4,"column":65}},"3":{"start":{"line":4,"column":38},"end":{"line":4,"column":64}},"4":{"start":{"line":5,"column":30},"end":{"line":5,"column":63}},"5":{"start":{"line":5,"column":37},"end":{"line":5,"column":62}}},"fnMap":{"0":{"name":"(anonymous_0)","decl":{"start":{"line":4,"column":31},"end":{"line":4,"column":32}},"loc":{"start":{"line":4,"column":38},"end":{"line":4,"column":64}},"line":4},"1":{"name":"(anonymous_1)","decl":{"start":{"line":5,"column":30},"end":{"line":5,"column":31}},"loc":{"start":{"line":5,"column":37},"end":{"line":5,"column":62}},"line":5}},"branchMap":{},"s":{"0":2,"1":2,"2":2,"3":2,"4":2,"5":2},"f":{"0":2,"1":2},"b":{},"_coverageSchema":"1a1c01bbd47fc00a2c39e90264f33305004495a9","hash":"8f13125af4f6adef79bb25651970d235c6bee1ae"}
,"/Users/joelpatrickdurham/coding-projects/portfolio-site/src/reducers/controlsReducer.js": {"path":"/Users/joelpatrickdurham/coding-projects/portfolio-site/src/reducers/controlsReducer.js","statementMap":{"0":{"start":{"line":3,"column":21},"end":{"line":5,"column":1}},"1":{"start":{"line":7,"column":31},"end":{"line":16,"column":1}},"2":{"start":{"line":8,"column":2},"end":{"line":15,"column":3}},"3":{"start":{"line":10,"column":6},"end":{"line":10,"column":43}},"4":{"start":{"line":12,"column":6},"end":{"line":12,"column":42}},"5":{"start":{"line":14,"column":6},"end":{"line":14,"column":19}}},"fnMap":{"0":{"name":"(anonymous_0)","decl":{"start":{"line":7,"column":31},"end":{"line":7,"column":32}},"loc":{"start":{"line":7,"column":65},"end":{"line":16,"column":1}},"line":7}},"branchMap":{"0":{"loc":{"start":{"line":7,"column":32},"end":{"line":7,"column":52}},"type":"default-arg","locations":[{"start":{"line":7,"column":40},"end":{"line":7,"column":52}}],"line":7},"1":{"loc":{"start":{"line":8,"column":2},"end":{"line":15,"column":3}},"type":"switch","locations":[{"start":{"line":9,"column":4},"end":{"line":10,"column":43}},{"start":{"line":11,"column":4},"end":{"line":12,"column":42}},{"start":{"line":13,"column":4},"end":{"line":14,"column":19}}],"line":8}},"s":{"0":1,"1":1,"2":3,"3":1,"4":1,"5":1},"f":{"0":3},"b":{"0":[1],"1":[1,1,1]},"_coverageSchema":"1a1c01bbd47fc00a2c39e90264f33305004495a9","hash":"59ceae417fd96e062a4929906b179ddff44cd039"}
,"/Users/joelpatrickdurham/coding-projects/portfolio-site/src/reducers/statsReducer.js": {"path":"/Users/joelpatrickdurham/coding-projects/portfolio-site/src/reducers/statsReducer.js","statementMap":{"0":{"start":{"line":3,"column":21},"end":{"line":8,"column":1}},"1":{"start":{"line":10,"column":28},"end":{"line":23,"column":1}},"2":{"start":{"line":11,"column":2},"end":{"line":22,"column":3}},"3":{"start":{"line":13,"column":6},"end":{"line":13,"column":54}},"4":{"start":{"line":15,"column":6},"end":{"line":15,"column":52}},"5":{"start":{"line":17,"column":6},"end":{"line":17,"column":50}},"6":{"start":{"line":19,"column":6},"end":{"line":19,"column":50}},"7":{"start":{"line":21,"column":6},"end":{"line":21,"column":19}}},"fnMap":{"0":{"name":"(anonymous_0)","decl":{"start":{"line":10,"column":28},"end":{"line":10,"column":29}},"loc":{"start":{"line":10,"column":62},"end":{"line":23,"column":1}},"line":10}},"branchMap":{"0":{"loc":{"start":{"line":10,"column":29},"end":{"line":10,"column":49}},"type":"default-arg","locations":[{"start":{"line":10,"column":37},"end":{"line":10,"column":49}}],"line":10},"1":{"loc":{"start":{"line":11,"column":2},"end":{"line":22,"column":3}},"type":"switch","locations":[{"start":{"line":12,"column":4},"end":{"line":13,"column":54}},{"start":{"line":14,"column":4},"end":{"line":15,"column":52}},{"start":{"line":16,"column":4},"end":{"line":17,"column":50}},{"start":{"line":18,"column":4},"end":{"line":19,"column":50}},{"start":{"line":20,"column":4},"end":{"line":21,"column":19}}],"line":11}},"s":{"0":1,"1":1,"2":5,"3":1,"4":1,"5":1,"6":1,"7":1},"f":{"0":5},"b":{"0":[1],"1":[1,1,1,1,1]},"_coverageSchema":"1a1c01bbd47fc00a2c39e90264f33305004495a9","hash":"d1e5788b83c2802eb354db31242dbb6326ed4865"}
,"/Users/joelpatrickdurham/coding-projects/portfolio-site/src/selectors/selectors.js": {"path":"/Users/joelpatrickdurham/coding-projects/portfolio-site/src/selectors/selectors.js","statementMap":{"0":{"start":{"line":1,"column":26},"end":{"line":1,"column":53}},"1":{"start":{"line":1,"column":35},"end":{"line":1,"column":53}},"2":{"start":{"line":2,"column":29},"end":{"line":2,"column":68}},"3":{"start":{"line":2,"column":38},"end":{"line":2,"column":68}}},"fnMap":{"0":{"name":"(anonymous_0)","decl":{"start":{"line":1,"column":26},"end":{"line":1,"column":27}},"loc":{"start":{"line":1,"column":35},"end":{"line":1,"column":53}},"line":1},"1":{"name":"(anonymous_1)","decl":{"start":{"line":2,"column":29},"end":{"line":2,"column":30}},"loc":{"start":{"line":2,"column":38},"end":{"line":2,"column":68}},"line":2}},"branchMap":{},"s":{"0":1,"1":1,"2":1,"3":1},"f":{"0":1,"1":1},"b":{},"_coverageSchema":"1a1c01bbd47fc00a2c39e90264f33305004495a9","hash":"a3b80dc9e409cabcb53aeaa99e29052f2d853d32"}
}
