{"/Users/joelpatrickdurham/coding-projects/portfolio-site/src/store.js": {"path":"/Users/joelpatrickdurham/coding-projects/portfolio-site/src/store.js","statementMap":{"0":{"start":{"line":1,"column":24},"end":{"line":1,"column":40}}},"fnMap":{},"branchMap":{"0":{"loc":{"start":{"line":6,"column":2},"end":{"line":6,"column":78}},"type":"binary-expr","locations":[{"start":{"line":6,"column":2},"end":{"line":6,"column":37}},{"start":{"line":6,"column":41},"end":{"line":6,"column":78}}],"line":6}},"s":{"0":2},"f":{},"b":{"0":[2,0]},"_coverageSchema":"1a1c01bbd47fc00a2c39e90264f33305004495a9","hash":"2494ef278395f681cbcf1c6a4cc6c0abc4355af4"}
,"/Users/joelpatrickdurham/coding-projects/portfolio-site/src/actions/actions.js": {"path":"/Users/joelpatrickdurham/coding-projects/portfolio-site/src/actions/actions.js","statementMap":{"0":{"start":{"line":1,"column":28},"end":{"line":1,"column":42}},"1":{"start":{"line":2,"column":25},"end":{"line":2,"column":36}},"2":{"start":{"line":3,"column":25},"end":{"line":3,"column":36}},"3":{"start":{"line":4,"column":25},"end":{"line":4,"column":36}},"4":{"start":{"line":6,"column":27},"end":{"line":6,"column":57}},"5":{"start":{"line":6,"column":34},"end":{"line":6,"column":56}},"6":{"start":{"line":7,"column":24},"end":{"line":7,"column":51}},"7":{"start":{"line":7,"column":31},"end":{"line":7,"column":50}},"8":{"start":{"line":8,"column":24},"end":{"line":8,"column":51}},"9":{"start":{"line":8,"column":31},"end":{"line":8,"column":50}},"10":{"start":{"line":9,"column":24},"end":{"line":9,"column":51}},"11":{"start":{"line":9,"column":31},"end":{"line":9,"column":50}}},"fnMap":{"0":{"name":"(anonymous_0)","decl":{"start":{"line":6,"column":27},"end":{"line":6,"column":28}},"loc":{"start":{"line":6,"column":34},"end":{"line":6,"column":56}},"line":6},"1":{"name":"(anonymous_1)","decl":{"start":{"line":7,"column":24},"end":{"line":7,"column":25}},"loc":{"start":{"line":7,"column":31},"end":{"line":7,"column":50}},"line":7},"2":{"name":"(anonymous_2)","decl":{"start":{"line":8,"column":24},"end":{"line":8,"column":25}},"loc":{"start":{"line":8,"column":31},"end":{"line":8,"column":50}},"line":8},"3":{"name":"(anonymous_3)","decl":{"start":{"line":9,"column":24},"end":{"line":9,"column":25}},"loc":{"start":{"line":9,"column":31},"end":{"line":9,"column":50}},"line":9}},"branchMap":{},"s":{"0":4,"1":4,"2":4,"3":4,"4":4,"5":2,"6":4,"7":2,"8":4,"9":2,"10":4,"11":2},"f":{"0":2,"1":2,"2":2,"3":2},"b":{},"_coverageSchema":"1a1c01bbd47fc00a2c39e90264f33305004495a9","hash":"155e0ba296f5d134d9bf75c8f877ed428c47dc52"}
,"/Users/joelpatrickdurham/coding-projects/portfolio-site/src/actions/controlActions.js": {"path":"/Users/joelpatrickdurham/coding-projects/portfolio-site/src/actions/controlActions.js","statementMap":{"0":{"start":{"line":1,"column":32},"end":{"line":1,"column":50}},"1":{"start":{"line":2,"column":31},"end":{"line":2,"column":48}},"2":{"start":{"line":4,"column":31},"end":{"line":4,"column":65}},"3":{"start":{"line":4,"column":38},"end":{"line":4,"column":64}},"4":{"start":{"line":5,"column":30},"end":{"line":5,"column":63}},"5":{"start":{"line":5,"column":37},"end":{"line":5,"column":62}}},"fnMap":{"0":{"name":"(anonymous_0)","decl":{"start":{"line":4,"column":31},"end":{"line":4,"column":32}},"loc":{"start":{"line":4,"column":38},"end":{"line":4,"column":64}},"line":4},"1":{"name":"(anonymous_1)","decl":{"start":{"line":5,"column":30},"end":{"line":5,"column":31}},"loc":{"start":{"line":5,"column":37},"end":{"line":5,"column":62}},"line":5}},"branchMap":{},"s":{"0":4,"1":4,"2":4,"3":2,"4":4,"5":2},"f":{"0":2,"1":2},"b":{},"_coverageSchema":"1a1c01bbd47fc00a2c39e90264f33305004495a9","hash":"8f13125af4f6adef79bb25651970d235c6bee1ae"}
,"/Users/joelpatrickdurham/coding-projects/portfolio-site/src/components/App.js": {"path":"/Users/joelpatrickdurham/coding-projects/portfolio-site/src/components/App.js","statementMap":{"0":{"start":{"line":6,"column":2},"end":{"line":11,"column":4}}},"fnMap":{"0":{"name":"App","decl":{"start":{"line":5,"column":24},"end":{"line":5,"column":27}},"loc":{"start":{"line":5,"column":30},"end":{"line":12,"column":1}},"line":5}},"branchMap":{},"s":{"0":1},"f":{"0":1},"b":{},"_coverageSchema":"1a1c01bbd47fc00a2c39e90264f33305004495a9","hash":"6b72ba9a2af99adc7cdd0e90f37cedb73e4449a9"}
,"/Users/joelpatrickdurham/coding-projects/portfolio-site/src/components/Header.js": {"path":"/Users/joelpatrickdurham/coding-projects/portfolio-site/src/components/Header.js","statementMap":{"0":{"start":{"line":3,"column":22},"end":{"line":9,"column":1}},"1":{"start":{"line":4,"column":2},"end":{"line":8,"column":5}}},"fnMap":{"0":{"name":"(anonymous_0)","decl":{"start":{"line":3,"column":22},"end":{"line":3,"column":23}},"loc":{"start":{"line":4,"column":2},"end":{"line":8,"column":5}},"line":4}},"branchMap":{},"s":{"0":1,"1":0},"f":{"0":0},"b":{},"_coverageSchema":"1a1c01bbd47fc00a2c39e90264f33305004495a9","hash":"ce672b7fe8ba69357064e95d0cd90c60a090b72d"}
,"/Users/joelpatrickdurham/coding-projects/portfolio-site/src/components/JoelGame.js": {"path":"/Users/joelpatrickdurham/coding-projects/portfolio-site/src/components/JoelGame.js","statementMap":{"0":{"start":{"line":8,"column":24},"end":{"line":54,"column":1}},"1":{"start":{"line":9,"column":19},"end":{"line":9,"column":32}},"2":{"start":{"line":10,"column":19},"end":{"line":10,"column":45}},"3":{"start":{"line":11,"column":44},"end":{"line":11,"column":67}},"4":{"start":{"line":13,"column":17},"end":{"line":46,"column":3}},"5":{"start":{"line":16,"column":8},"end":{"line":16,"column":29}},"6":{"start":{"line":17,"column":8},"end":{"line":17,"column":36}},"7":{"start":{"line":20,"column":8},"end":{"line":20,"column":32}},"8":{"start":{"line":21,"column":8},"end":{"line":21,"column":36}},"9":{"start":{"line":24,"column":8},"end":{"line":24,"column":29}},"10":{"start":{"line":25,"column":8},"end":{"line":25,"column":36}},"11":{"start":{"line":28,"column":8},"end":{"line":28,"column":29}},"12":{"start":{"line":29,"column":8},"end":{"line":29,"column":36}},"13":{"start":{"line":48,"column":2},"end":{"line":53,"column":4}}},"fnMap":{"0":{"name":"(anonymous_0)","decl":{"start":{"line":8,"column":24},"end":{"line":8,"column":25}},"loc":{"start":{"line":8,"column":30},"end":{"line":54,"column":1}},"line":8},"1":{"name":"(anonymous_1)","decl":{"start":{"line":15,"column":23},"end":{"line":15,"column":24}},"loc":{"start":{"line":15,"column":29},"end":{"line":18,"column":7}},"line":15},"2":{"name":"(anonymous_2)","decl":{"start":{"line":19,"column":23},"end":{"line":19,"column":24}},"loc":{"start":{"line":19,"column":29},"end":{"line":22,"column":7}},"line":19},"3":{"name":"(anonymous_3)","decl":{"start":{"line":23,"column":23},"end":{"line":23,"column":24}},"loc":{"start":{"line":23,"column":29},"end":{"line":26,"column":7}},"line":23},"4":{"name":"(anonymous_4)","decl":{"start":{"line":27,"column":23},"end":{"line":27,"column":24}},"loc":{"start":{"line":27,"column":29},"end":{"line":30,"column":7}},"line":27}},"branchMap":{"0":{"loc":{"start":{"line":13,"column":17},"end":{"line":46,"column":3}},"type":"cond-expr","locations":[{"start":{"line":14,"column":4},"end":{"line":31,"column":7}},{"start":{"line":32,"column":4},"end":{"line":45,"column":7}}],"line":13}},"s":{"0":2,"1":1,"2":0,"3":0,"4":0,"5":0,"6":0,"7":0,"8":0,"9":0,"10":0,"11":0,"12":0,"13":0},"f":{"0":1,"1":0,"2":0,"3":0,"4":0},"b":{"0":[0,0]},"_coverageSchema":"1a1c01bbd47fc00a2c39e90264f33305004495a9","hash":"eabebd44e8e3233a7817ae5cf176ddf77419e3b5"}
,"/Users/joelpatrickdurham/coding-projects/portfolio-site/src/reducers/controlsReducer.js": {"path":"/Users/joelpatrickdurham/coding-projects/portfolio-site/src/reducers/controlsReducer.js","statementMap":{"0":{"start":{"line":3,"column":21},"end":{"line":5,"column":1}},"1":{"start":{"line":7,"column":31},"end":{"line":16,"column":1}},"2":{"start":{"line":8,"column":2},"end":{"line":15,"column":3}},"3":{"start":{"line":10,"column":6},"end":{"line":10,"column":43}},"4":{"start":{"line":12,"column":6},"end":{"line":12,"column":42}},"5":{"start":{"line":14,"column":6},"end":{"line":14,"column":19}}},"fnMap":{"0":{"name":"(anonymous_0)","decl":{"start":{"line":7,"column":31},"end":{"line":7,"column":32}},"loc":{"start":{"line":7,"column":65},"end":{"line":16,"column":1}},"line":7}},"branchMap":{"0":{"loc":{"start":{"line":7,"column":32},"end":{"line":7,"column":52}},"type":"default-arg","locations":[{"start":{"line":7,"column":40},"end":{"line":7,"column":52}}],"line":7},"1":{"loc":{"start":{"line":8,"column":2},"end":{"line":15,"column":3}},"type":"switch","locations":[{"start":{"line":9,"column":4},"end":{"line":10,"column":43}},{"start":{"line":11,"column":4},"end":{"line":12,"column":42}},{"start":{"line":13,"column":4},"end":{"line":14,"column":19}}],"line":8}},"s":{"0":3,"1":3,"2":9,"3":1,"4":1,"5":7},"f":{"0":9},"b":{"0":[7],"1":[1,1,7]},"_coverageSchema":"1a1c01bbd47fc00a2c39e90264f33305004495a9","hash":"59ceae417fd96e062a4929906b179ddff44cd039"}
,"/Users/joelpatrickdurham/coding-projects/portfolio-site/src/reducers/index.js": {"path":"/Users/joelpatrickdurham/coding-projects/portfolio-site/src/reducers/index.js","statementMap":{},"fnMap":{},"branchMap":{},"s":{},"f":{},"b":{},"_coverageSchema":"1a1c01bbd47fc00a2c39e90264f33305004495a9","hash":"63bdbbf5d785f978edd15efba3d88ed947b8bb95"}
,"/Users/joelpatrickdurham/coding-projects/portfolio-site/src/reducers/statsReducer.js": {"path":"/Users/joelpatrickdurham/coding-projects/portfolio-site/src/reducers/statsReducer.js","statementMap":{"0":{"start":{"line":3,"column":21},"end":{"line":8,"column":1}},"1":{"start":{"line":10,"column":28},"end":{"line":23,"column":1}},"2":{"start":{"line":11,"column":2},"end":{"line":22,"column":3}},"3":{"start":{"line":13,"column":6},"end":{"line":13,"column":54}},"4":{"start":{"line":15,"column":6},"end":{"line":15,"column":52}},"5":{"start":{"line":17,"column":6},"end":{"line":17,"column":50}},"6":{"start":{"line":19,"column":6},"end":{"line":19,"column":50}},"7":{"start":{"line":21,"column":6},"end":{"line":21,"column":19}}},"fnMap":{"0":{"name":"(anonymous_0)","decl":{"start":{"line":10,"column":28},"end":{"line":10,"column":29}},"loc":{"start":{"line":10,"column":62},"end":{"line":23,"column":1}},"line":10}},"branchMap":{"0":{"loc":{"start":{"line":10,"column":29},"end":{"line":10,"column":49}},"type":"default-arg","locations":[{"start":{"line":10,"column":37},"end":{"line":10,"column":49}}],"line":10},"1":{"loc":{"start":{"line":11,"column":2},"end":{"line":22,"column":3}},"type":"switch","locations":[{"start":{"line":12,"column":4},"end":{"line":13,"column":54}},{"start":{"line":14,"column":4},"end":{"line":15,"column":52}},{"start":{"line":16,"column":4},"end":{"line":17,"column":50}},{"start":{"line":18,"column":4},"end":{"line":19,"column":50}},{"start":{"line":20,"column":4},"end":{"line":21,"column":19}}],"line":11}},"s":{"0":3,"1":3,"2":11,"3":1,"4":1,"5":1,"6":1,"7":7},"f":{"0":11},"b":{"0":[7],"1":[1,1,1,1,7]},"_coverageSchema":"1a1c01bbd47fc00a2c39e90264f33305004495a9","hash":"d1e5788b83c2802eb354db31242dbb6326ed4865"}
,"/Users/joelpatrickdurham/coding-projects/portfolio-site/src/selectors/selectors.js": {"path":"/Users/joelpatrickdurham/coding-projects/portfolio-site/src/selectors/selectors.js","statementMap":{"0":{"start":{"line":1,"column":26},"end":{"line":1,"column":53}},"1":{"start":{"line":1,"column":35},"end":{"line":1,"column":53}},"2":{"start":{"line":2,"column":29},"end":{"line":2,"column":68}},"3":{"start":{"line":2,"column":38},"end":{"line":2,"column":68}}},"fnMap":{"0":{"name":"(anonymous_0)","decl":{"start":{"line":1,"column":26},"end":{"line":1,"column":27}},"loc":{"start":{"line":1,"column":35},"end":{"line":1,"column":53}},"line":1},"1":{"name":"(anonymous_1)","decl":{"start":{"line":2,"column":29},"end":{"line":2,"column":30}},"loc":{"start":{"line":2,"column":38},"end":{"line":2,"column":68}},"line":2}},"branchMap":{},"s":{"0":3,"1":1,"2":3,"3":1},"f":{"0":1,"1":1},"b":{},"_coverageSchema":"1a1c01bbd47fc00a2c39e90264f33305004495a9","hash":"a3b80dc9e409cabcb53aeaa99e29052f2d853d32"}
}
