TN:
SF:src/store.js
FNF:0
FNH:0
DA:1,2
LF:1
LH:1
BRDA:6,0,0,2
BRDA:6,0,1,0
BRF:2
BRH:1
end_of_record
TN:
SF:src/actions/actions.js
FN:6,(anonymous_0)
FN:7,(anonymous_1)
FN:8,(anonymous_2)
FN:9,(anonymous_3)
FNF:4
FNH:4
FNDA:2,(anonymous_0)
FNDA:2,(anonymous_1)
FNDA:2,(anonymous_2)
FNDA:2,(anonymous_3)
DA:1,4
DA:2,4
DA:3,4
DA:4,4
DA:6,4
DA:7,4
DA:8,4
DA:9,4
LF:8
LH:8
BRF:0
BRH:0
end_of_record
TN:
SF:src/actions/controlActions.js
FN:4,(anonymous_0)
FN:5,(anonymous_1)
FNF:2
FNH:2
FNDA:2,(anonymous_0)
FNDA:2,(anonymous_1)
DA:1,4
DA:2,4
DA:4,4
DA:5,4
LF:4
LH:4
BRF:0
BRH:0
end_of_record
TN:
SF:src/components/App.js
FN:4,App
FNF:1
FNH:1
FNDA:1,App
DA:5,1
LF:1
LH:1
BRF:0
BRH:0
end_of_record
TN:
SF:src/components/JoelGame.js
FN:3,(anonymous_0)
FNF:1
FNH:1
FNDA:1,(anonymous_0)
DA:3,2
DA:5,1
LF:2
LH:2
BRF:0
BRH:0
end_of_record
TN:
SF:src/reducers/controlsReducer.js
FN:7,(anonymous_0)
FNF:1
FNH:1
FNDA:9,(anonymous_0)
DA:3,3
DA:7,3
DA:8,9
DA:10,1
DA:12,1
DA:14,7
LF:6
LH:6
BRDA:7,0,0,7
BRDA:8,1,0,1
BRDA:8,1,1,1
BRDA:8,1,2,7
BRF:4
BRH:4
end_of_record
TN:
SF:src/reducers/index.js
FNF:0
FNH:0
LF:0
LH:0
BRF:0
BRH:0
end_of_record
TN:
SF:src/reducers/statsReducer.js
FN:10,(anonymous_0)
FNF:1
FNH:1
FNDA:11,(anonymous_0)
DA:3,3
DA:10,3
DA:11,11
DA:13,1
DA:15,1
DA:17,1
DA:19,1
DA:21,7
LF:8
LH:8
BRDA:10,0,0,7
BRDA:11,1,0,1
BRDA:11,1,1,1
BRDA:11,1,2,1
BRDA:11,1,3,1
BRDA:11,1,4,7
BRF:6
BRH:6
end_of_record
TN:
SF:src/selectors/selectors.js
FN:1,(anonymous_0)
FN:2,(anonymous_1)
FNF:2
FNH:2
FNDA:1,(anonymous_0)
FNDA:1,(anonymous_1)
DA:1,1
DA:2,1
LF:2
LH:2
BRF:0
BRH:0
end_of_record
